0 info it worked if it ends with ok
1 verbose cli [ '/usr/bin/node', '/usr/bin/npm', 'publish', 'patch' ]
2 info using npm@1.4.28
3 info using node@v0.10.35
4 verbose node symlink /usr/bin/node
5 verbose publish [ 'patch' ]
6 verbose cache add [ 'patch', null ]
7 verbose cache add name=undefined spec="patch" args=["patch",null]
8 verbose parsed url { protocol: null,
8 verbose parsed url   slashes: null,
8 verbose parsed url   auth: null,
8 verbose parsed url   host: null,
8 verbose parsed url   port: null,
8 verbose parsed url   hostname: null,
8 verbose parsed url   hash: null,
8 verbose parsed url   search: null,
8 verbose parsed url   query: null,
8 verbose parsed url   pathname: 'patch',
8 verbose parsed url   path: 'patch',
8 verbose parsed url   href: 'patch' }
9 silly lockFile d75b3b52-patch patch
10 verbose lock patch /home/leathan/.npm/d75b3b52-patch.lock
11 silly lockFile d75b3b52-patch patch
12 silly lockFile d75b3b52-patch patch
13 verbose addNamed [ 'patch', '' ]
14 verbose addNamed [ null, '*' ]
15 silly lockFile 6d5b313b-patch patch@
16 verbose lock patch@ /home/leathan/.npm/6d5b313b-patch.lock
17 silly addNameRange { name: 'patch', range: '*', hasData: false }
18 verbose request where is /patch
19 verbose request registry https://registry.npmjs.org/
20 verbose request id 0cd5b244def170a6
21 verbose url raw /patch
22 verbose url resolving [ 'https://registry.npmjs.org/', './patch' ]
23 verbose url resolved https://registry.npmjs.org/patch
24 verbose request where is https://registry.npmjs.org/patch
25 info trying registry request attempt 1 at 20:33:07
26 verbose etag "C78Y65CV1KR3PEXY5VGFOGB7W"
27 http GET https://registry.npmjs.org/patch
28 http 304 https://registry.npmjs.org/patch
29 silly registry.get cb [ 304,
29 silly registry.get   { date: 'Thu, 29 Jan 2015 20:33:08 GMT',
29 silly registry.get     server: 'Apache',
29 silly registry.get     via: '1.1 varnish',
29 silly registry.get     'last-modified': 'Thu, 29 Jan 2015 20:33:08 GMT',
29 silly registry.get     'cache-control': 'max-age=60',
29 silly registry.get     etag: '"C78Y65CV1KR3PEXY5VGFOGB7W"',
29 silly registry.get     age: '0',
29 silly registry.get     'x-served-by': 'cache-sjc3126-SJC',
29 silly registry.get     'x-cache': 'HIT',
29 silly registry.get     'x-cache-hits': '1',
29 silly registry.get     'x-timer': 'S1422563588.042649,VS0,VE32',
29 silly registry.get     vary: 'Accept',
29 silly registry.get     'content-length': '0',
29 silly registry.get     'keep-alive': 'timeout=10, max=50',
29 silly registry.get     connection: 'Keep-Alive' } ]
30 verbose etag https://registry.npmjs.org/patch from cache
31 silly addNameRange number 2 { name: 'patch', range: '*', hasData: true }
32 silly addNameRange versions [ 'patch', [ '0.0.1' ] ]
33 verbose addNamed [ 'patch', '0.0.1' ]
34 verbose addNamed [ '0.0.1', '0.0.1' ]
35 silly lockFile 4828e970-patch-0-0-1 patch@0.0.1
36 verbose lock patch@0.0.1 /home/leathan/.npm/4828e970-patch-0-0-1.lock
37 silly lockFile 4828e970-patch-0-0-1 patch@0.0.1
38 silly lockFile 4828e970-patch-0-0-1 patch@0.0.1
39 silly lockFile 6d5b313b-patch patch@
40 silly lockFile 6d5b313b-patch patch@
41 silly publish { name: 'patch',
41 silly publish   version: '0.0.1',
41 silly publish   description: 'an object patching tool',
41 silly publish   main: 'patch.js',
41 silly publish   directories: { test: 'tests' },
41 silly publish   dependencies: {},
41 silly publish   devDependencies: { specify: '~1.1.2' },
41 silly publish   scripts: { test: 'node tests/*.js' },
41 silly publish   repository: '',
41 silly publish   author: { name: 'john chesley', email: 'john@chesl.es' },
41 silly publish   license: 'MIT',
41 silly publish   _id: 'patch@0.0.1',
41 silly publish   dist:
41 silly publish    { shasum: '293056dbbc71c979a1b7273308b12c5460246833',
41 silly publish      tarball: 'http://registry.npmjs.org/patch/-/patch-0.0.1.tgz' },
41 silly publish   _npmVersion: '1.1.65',
41 silly publish   _npmUser: { name: 'chesles', email: 'john@chesl.es' },
41 silly publish   maintainers: [ { name: 'chesles', email: 'john@chesl.es' } ],
41 silly publish   _shasum: '293056dbbc71c979a1b7273308b12c5460246833',
41 silly publish   _from: 'patch@',
41 silly publish   _resolved: 'https://registry.npmjs.org/patch/-/patch-0.0.1.tgz',
41 silly publish   readme: 'ERROR: No README data found!' }
42 info prepublish patch@0.0.1
43 verbose request where is /patch
44 verbose request registry https://registry.npmjs.org/
45 verbose url raw /patch
46 verbose url resolving [ 'https://registry.npmjs.org/', './patch' ]
47 verbose url resolved https://registry.npmjs.org/patch
48 verbose request where is https://registry.npmjs.org/patch
49 info trying registry request attempt 1 at 20:33:08
50 http PUT https://registry.npmjs.org/patch
51 http 403 https://registry.npmjs.org/patch
52 verbose headers { date: 'Thu, 29 Jan 2015 20:33:08 GMT',
52 verbose headers   server: 'CouchDB/1.5.0 (Erlang OTP/R16B03)',
52 verbose headers   'content-type': 'application/json',
52 verbose headers   'cache-control': 'max-age=60',
52 verbose headers   'content-length': '1632',
52 verbose headers   'accept-ranges': 'bytes',
52 verbose headers   via: '1.1 varnish',
52 verbose headers   'x-served-by': 'cache-sjc3129-SJC',
52 verbose headers   'x-cache': 'MISS',
52 verbose headers   'x-cache-hits': '0',
52 verbose headers   'x-timer': 'S1422563588.259671,VS0,VE131',
52 verbose headers   'keep-alive': 'timeout=10, max=50',
52 verbose headers   connection: 'Keep-Alive' }
53 error publish Failed PUT 403
54 error Error: forbidden cannot modify pre-existing version: 0.0.1
54 error old={"name":"patch","version":"0.0.1","description":"an object patching tool","main":"patch.js","directories":{"test":"tests"},"dependencies":{},"devDependencies":{"specify":"~1.1.2"},"scripts":{"test":"node tests/*.js"},"repository":"","author":{"name":"john chesley","email":"john@chesl.es"},"license":"MIT","_id":"patch@0.0.1","dist":{"shasum":"293056dbbc71c979a1b7273308b12c5460246833","tarball":"http://registry.npmjs.org/patch/-/patch-0.0.1.tgz"},"_npmVersion":"1.1.65","_npmUser":{"name":"chesles","email":"john@chesl.es"},"maintainers":[{"name":"chesles","email":"john@chesl.es"}]}
54 error new={"name":"patch","version":"0.0.1","description":"an object patching tool","main":"patch.js","directories":{"test":"tests"},"dependencies":{},"devDependencies":{"specify":"~1.1.2"},"scripts":{"test":"node tests/*.js"},"repository":"","author":{"name":"john chesley","email":"john@chesl.es"},"license":"MIT","_id":"patch@0.0.1","dist":{"shasum":"293056dbbc71c979a1b7273308b12c5460246833","tarball":"http://registry.npmjs.org/patch/-/patch-0.0.1.tgz"},"_npmVersion":"1.4.28","_npmUser":{"name":"leathan","email":"1@leathan.net"},"maintainers":[{"name":"leathan","email":"1@leathan.net"}],"_shasum":"293056dbbc71c979a1b7273308b12c5460246833","_from":"patch@","_resolved":"https://registry.npmjs.org/patch/-/patch-0.0.1.tgz","readme":"ERROR: No README data found!"}: patch
54 error     at RegClient.<anonymous> (/usr/lib/node_modules/npm/node_modules/npm-registry-client/lib/request.js:308:14)
54 error     at Request._callback (/usr/lib/node_modules/npm/node_modules/npm-registry-client/lib/request.js:246:65)
54 error     at Request.self.callback (/usr/lib/node_modules/npm/node_modules/request/request.js:236:22)
54 error     at Request.emit (events.js:98:17)
54 error     at Request.<anonymous> (/usr/lib/node_modules/npm/node_modules/request/request.js:1142:14)
54 error     at Request.emit (events.js:117:20)
54 error     at IncomingMessage.<anonymous> (/usr/lib/node_modules/npm/node_modules/request/request.js:1096:12)
54 error     at IncomingMessage.emit (events.js:117:20)
54 error     at _stream_readable.js:944:16
54 error     at process._tickCallback (node.js:442:13)
55 error If you need help, you may report this *entire* log,
55 error including the npm and node versions, at:
55 error     <http://github.com/npm/npm/issues>
56 error System Linux 3.13.0-44-generic
57 error command "/usr/bin/node" "/usr/bin/npm" "publish" "patch"
58 error cwd /home/leathan/hubot-mubot
59 error node -v v0.10.35
60 error npm -v 1.4.28
61 verbose exit [ 1, true ]

